<?xml version="1.0" encoding="UTF-8"?>
<TestRun id="b2f3e71c-27b8-4bd4-8be7-aab93ca26fab" name="jhocking@TN005018 2019-03-22 12:26:56" runUser="TN\jhocking" xmlns="http://microsoft.com/schemas/VisualStudio/TeamTest/2010">
  <TestSettings name="Local" id="03cba366-f706-4ebc-bff8-b0f8f98d9982">
    <Description>These are default test settings for a local test run.</Description>
    <Deployment enabled="false" runDeploymentRoot="jhocking_TN005018 2019-03-22 12_26_56">
      <DeploymentItem filename="c:\users\jhocking\documents\visual studio 2010\Projects\CreditCardInterest\CreditCardInterest\bin\Debug\CreditCardInterest.dll" />
    </Deployment>
    <Execution>
      <TestTypeSpecific />
      <AgentRule name="Execution Agents">
      </AgentRule>
    </Execution>
  </TestSettings>
  <Times creation="2019-03-22T12:26:56.6487835-05:00" queuing="2019-03-22T12:26:56.6986510-05:00" start="2019-03-22T12:26:56.7026395-05:00" finish="2019-03-22T12:26:56.9800733-05:00" />
  <ResultSummary outcome="Completed">
    <Counters total="3" executed="3" passed="3" error="0" failed="0" timeout="0" aborted="0" inconclusive="0" passedButRunAborted="0" notRunnable="0" notExecuted="0" disconnected="0" warning="0" completed="0" inProgress="0" pending="0" />
  </ResultSummary>
  <TestDefinitions>
    <UnitTest name="TwoPeopleTwoWalletsTwoCardsEach_VisaMC_Returns15" storage="c:\users\jhocking\documents\visual studio 2010\projects\creditcardinterest\creditcardinteresttests\bin\debug\creditcardinteresttests.dll" id="6cb94b50-ede2-3296-6c74-01cac242a5d5">
      <Execution id="98b50174-8eb6-4a83-a23d-5e748674b27a" />
      <TestMethod codeBase="c:/users/jhocking/documents/visual studio 2010/Projects/CreditCardInterest/CreditCardInterestTests/bin/Debug/CreditCardInterestTests.DLL" adapterTypeName="Microsoft.VisualStudio.TestTools.TestTypes.Unit.UnitTestAdapter, Microsoft.VisualStudio.QualityTools.Tips.UnitTest.Adapter, Version=10.0.0.0, Culture=neutral, PublicKeyToken=b03f5f7f11d50a3a" className="CreditCardInterestTests.CreditCardInterestTests, CreditCardInterestTests, Version=1.0.0.0, Culture=neutral, PublicKeyToken=null" name="TwoPeopleTwoWalletsTwoCardsEach_VisaMC_Returns15" />
    </UnitTest>
    <UnitTest name="TwoWalletsThreeCards_VisaMCDiscover_Returns10and6" storage="c:\users\jhocking\documents\visual studio 2010\projects\creditcardinterest\creditcardinteresttests\bin\debug\creditcardinteresttests.dll" id="5fee43e1-891d-297e-f924-d7b29d35010b">
      <Execution id="f196cf6e-202a-4de8-80a9-ac1995f2d0df" />
      <TestMethod codeBase="c:/users/jhocking/documents/visual studio 2010/Projects/CreditCardInterest/CreditCardInterestTests/bin/Debug/CreditCardInterestTests.DLL" adapterTypeName="Microsoft.VisualStudio.TestTools.TestTypes.Unit.UnitTestAdapter, Microsoft.VisualStudio.QualityTools.Tips.UnitTest.Adapter, Version=10.0.0.0, Culture=neutral, PublicKeyToken=b03f5f7f11d50a3a" className="CreditCardInterestTests.CreditCardInterestTests, CreditCardInterestTests, Version=1.0.0.0, Culture=neutral, PublicKeyToken=null" name="TwoWalletsThreeCards_VisaMCDiscover_Returns10and6" />
    </UnitTest>
    <UnitTest name="OneWalletThreeCards_VisaMCdDiscover_Returns16" storage="c:\users\jhocking\documents\visual studio 2010\projects\creditcardinterest\creditcardinteresttests\bin\debug\creditcardinteresttests.dll" id="9cd5bd7b-e2ba-d10b-f255-813d30c9232e">
      <Execution id="3c5f8261-df17-454c-ae15-f617dc10c716" />
      <TestMethod codeBase="c:/users/jhocking/documents/visual studio 2010/Projects/CreditCardInterest/CreditCardInterestTests/bin/Debug/CreditCardInterestTests.DLL" adapterTypeName="Microsoft.VisualStudio.TestTools.TestTypes.Unit.UnitTestAdapter, Microsoft.VisualStudio.QualityTools.Tips.UnitTest.Adapter, Version=10.0.0.0, Culture=neutral, PublicKeyToken=b03f5f7f11d50a3a" className="CreditCardInterestTests.CreditCardInterestTests, CreditCardInterestTests, Version=1.0.0.0, Culture=neutral, PublicKeyToken=null" name="OneWalletThreeCards_VisaMCdDiscover_Returns16" />
    </UnitTest>
  </TestDefinitions>
  <TestLists>
    <TestList name="Results Not in a List" id="8c84fa94-04c1-424b-9868-57a2d4851a1d" />
    <TestList name="All Loaded Results" id="19431567-8539-422a-85d7-44ee4e166bda" />
  </TestLists>
  <TestEntries>
    <TestEntry testId="5fee43e1-891d-297e-f924-d7b29d35010b" executionId="f196cf6e-202a-4de8-80a9-ac1995f2d0df" testListId="8c84fa94-04c1-424b-9868-57a2d4851a1d" />
    <TestEntry testId="6cb94b50-ede2-3296-6c74-01cac242a5d5" executionId="98b50174-8eb6-4a83-a23d-5e748674b27a" testListId="8c84fa94-04c1-424b-9868-57a2d4851a1d" />
    <TestEntry testId="9cd5bd7b-e2ba-d10b-f255-813d30c9232e" executionId="3c5f8261-df17-454c-ae15-f617dc10c716" testListId="8c84fa94-04c1-424b-9868-57a2d4851a1d" />
  </TestEntries>
  <Results>
    <UnitTestResult executionId="f196cf6e-202a-4de8-80a9-ac1995f2d0df" testId="5fee43e1-891d-297e-f924-d7b29d35010b" testName="TwoWalletsThreeCards_VisaMCDiscover_Returns10and6" computerName="TN005018" duration="00:00:00.0163271" startTime="2019-03-22T12:26:56.7056312-05:00" endTime="2019-03-22T12:26:56.9641532-05:00" testType="13cdc9d9-ddb5-4fa4-a97d-d965ccfc6d4b" outcome="Passed" testListId="8c84fa94-04c1-424b-9868-57a2d4851a1d" relativeResultsDirectory="f196cf6e-202a-4de8-80a9-ac1995f2d0df">
    </UnitTestResult>
    <UnitTestResult executionId="98b50174-8eb6-4a83-a23d-5e748674b27a" testId="6cb94b50-ede2-3296-6c74-01cac242a5d5" testName="TwoPeopleTwoWalletsTwoCardsEach_VisaMC_Returns15" computerName="TN005018" duration="00:00:00.0001972" startTime="2019-03-22T12:26:56.9651134-05:00" endTime="2019-03-22T12:26:56.9671446-05:00" testType="13cdc9d9-ddb5-4fa4-a97d-d965ccfc6d4b" outcome="Passed" testListId="8c84fa94-04c1-424b-9868-57a2d4851a1d" relativeResultsDirectory="98b50174-8eb6-4a83-a23d-5e748674b27a">
    </UnitTestResult>
    <UnitTestResult executionId="3c5f8261-df17-454c-ae15-f617dc10c716" testId="9cd5bd7b-e2ba-d10b-f255-813d30c9232e" testName="OneWalletThreeCards_VisaMCdDiscover_Returns16" computerName="TN005018" duration="00:00:00.0001283" startTime="2019-03-22T12:26:56.9691025-05:00" endTime="2019-03-22T12:26:56.9701013-05:00" testType="13cdc9d9-ddb5-4fa4-a97d-d965ccfc6d4b" outcome="Passed" testListId="8c84fa94-04c1-424b-9868-57a2d4851a1d" relativeResultsDirectory="3c5f8261-df17-454c-ae15-f617dc10c716">
    </UnitTestResult>
  </Results>
</TestRun>