<?xml version="1.0" encoding="UTF-8"?>
<TestRun id="bd9a2a31-31e4-4d98-ab52-f1c9003483c9" name="jhocking@TN005018 2019-03-22 12:20:07" runUser="TN\jhocking" xmlns="http://microsoft.com/schemas/VisualStudio/TeamTest/2010">
  <TestSettings name="Local" id="03cba366-f706-4ebc-bff8-b0f8f98d9982">
    <Description>These are default test settings for a local test run.</Description>
    <Deployment enabled="false" runDeploymentRoot="jhocking_TN005018 2019-03-22 12_20_07">
      <DeploymentItem filename="c:\users\jhocking\documents\visual studio 2010\Projects\CreditCardInterest\CreditCardInterest\bin\Debug\CreditCardInterest.dll" />
    </Deployment>
    <Execution>
      <TestTypeSpecific />
      <AgentRule name="Execution Agents">
      </AgentRule>
    </Execution>
  </TestSettings>
  <Times creation="2019-03-22T12:20:07.7978843-05:00" queuing="2019-03-22T12:20:07.8467534-05:00" start="2019-03-22T12:20:07.8517432-05:00" finish="2019-03-22T12:20:08.1160317-05:00" />
  <ResultSummary outcome="Completed">
    <Counters total="2" executed="2" passed="2" error="0" failed="0" timeout="0" aborted="0" inconclusive="0" passedButRunAborted="0" notRunnable="0" notExecuted="0" disconnected="0" warning="0" completed="0" inProgress="0" pending="0" />
  </ResultSummary>
  <TestDefinitions>
    <UnitTest name="OneWalletThreeCards_VisaMCdDiscover_Returns16" storage="c:\users\jhocking\documents\visual studio 2010\projects\creditcardinterest\creditcardinteresttests\bin\debug\creditcardinteresttests.dll" id="9cd5bd7b-e2ba-d10b-f255-813d30c9232e">
      <Execution id="dd80aba9-0dba-4aff-ab61-87e1a798d684" />
      <TestMethod codeBase="c:/users/jhocking/documents/visual studio 2010/Projects/CreditCardInterest/CreditCardInterestTests/bin/Debug/CreditCardInterestTests.DLL" adapterTypeName="Microsoft.VisualStudio.TestTools.TestTypes.Unit.UnitTestAdapter, Microsoft.VisualStudio.QualityTools.Tips.UnitTest.Adapter, Version=10.0.0.0, Culture=neutral, PublicKeyToken=b03f5f7f11d50a3a" className="CreditCardInterestTests.CreditCardInterestTests, CreditCardInterestTests, Version=1.0.0.0, Culture=neutral, PublicKeyToken=null" name="OneWalletThreeCards_VisaMCdDiscover_Returns16" />
    </UnitTest>
    <UnitTest name="TwoWalletsThreeCards_VisaMCDiscover_Returns16" storage="c:\users\jhocking\documents\visual studio 2010\projects\creditcardinterest\creditcardinteresttests\bin\debug\creditcardinteresttests.dll" id="21c93613-fd46-5e5b-28d9-1818d5172a2e">
      <Execution id="9b0241ba-e01e-482b-b873-4d4eb281ef60" />
      <TestMethod codeBase="c:/users/jhocking/documents/visual studio 2010/Projects/CreditCardInterest/CreditCardInterestTests/bin/Debug/CreditCardInterestTests.DLL" adapterTypeName="Microsoft.VisualStudio.TestTools.TestTypes.Unit.UnitTestAdapter, Microsoft.VisualStudio.QualityTools.Tips.UnitTest.Adapter, Version=10.0.0.0, Culture=neutral, PublicKeyToken=b03f5f7f11d50a3a" className="CreditCardInterestTests.CreditCardInterestTests, CreditCardInterestTests, Version=1.0.0.0, Culture=neutral, PublicKeyToken=null" name="TwoWalletsThreeCards_VisaMCDiscover_Returns16" />
    </UnitTest>
  </TestDefinitions>
  <TestLists>
    <TestList name="Results Not in a List" id="8c84fa94-04c1-424b-9868-57a2d4851a1d" />
    <TestList name="All Loaded Results" id="19431567-8539-422a-85d7-44ee4e166bda" />
  </TestLists>
  <TestEntries>
    <TestEntry testId="21c93613-fd46-5e5b-28d9-1818d5172a2e" executionId="9b0241ba-e01e-482b-b873-4d4eb281ef60" testListId="8c84fa94-04c1-424b-9868-57a2d4851a1d" />
    <TestEntry testId="9cd5bd7b-e2ba-d10b-f255-813d30c9232e" executionId="dd80aba9-0dba-4aff-ab61-87e1a798d684" testListId="8c84fa94-04c1-424b-9868-57a2d4851a1d" />
  </TestEntries>
  <Results>
    <UnitTestResult executionId="9b0241ba-e01e-482b-b873-4d4eb281ef60" testId="21c93613-fd46-5e5b-28d9-1818d5172a2e" testName="TwoWalletsThreeCards_VisaMCDiscover_Returns16" computerName="TN005018" duration="00:00:00.0101605" startTime="2019-03-22T12:20:07.8537350-05:00" endTime="2019-03-22T12:20:08.1050623-05:00" testType="13cdc9d9-ddb5-4fa4-a97d-d965ccfc6d4b" outcome="Passed" testListId="8c84fa94-04c1-424b-9868-57a2d4851a1d" relativeResultsDirectory="9b0241ba-e01e-482b-b873-4d4eb281ef60">
    </UnitTestResult>
    <UnitTestResult executionId="dd80aba9-0dba-4aff-ab61-87e1a798d684" testId="9cd5bd7b-e2ba-d10b-f255-813d30c9232e" testName="OneWalletThreeCards_VisaMCdDiscover_Returns16" computerName="TN005018" duration="00:00:00.0001298" startTime="2019-03-22T12:20:08.1060597-05:00" endTime="2019-03-22T12:20:08.1080556-05:00" testType="13cdc9d9-ddb5-4fa4-a97d-d965ccfc6d4b" outcome="Passed" testListId="8c84fa94-04c1-424b-9868-57a2d4851a1d" relativeResultsDirectory="dd80aba9-0dba-4aff-ab61-87e1a798d684">
    </UnitTestResult>
  </Results>
</TestRun>